<?xml version="1.0" encoding="UTF-8"?>
<testng-results skipped="0" failed="0" ignored="0" total="1" passed="1">
  <reporter-output>
  </reporter-output>
  <suite name="SeleniumAutomation.Git.AppTest" duration-ms="19055" started-at="2017-09-09T16:40:13Z" finished-at="2017-09-09T16:40:32Z">
    <groups>
    </groups>
    <test name="Command line test" duration-ms="19055" started-at="2017-09-09T16:40:13Z" finished-at="2017-09-09T16:40:32Z">
      <class name="SeleniumAutomation.Git.AppTest">
        <test-method status="PASS" signature="setup()[pri:0, instance:SeleniumAutomation.Git.AppTest@2c6a3f77]" name="setup" is-config="true" duration-ms="17647" started-at="2017-09-09T11:40:13Z" finished-at="2017-09-09T11:40:31Z">
          <reporter-output>
          </reporter-output>
        </test-method> <!-- setup -->
        <test-method status="PASS" signature="verifyLogin()[pri:0, instance:SeleniumAutomation.Git.AppTest@2c6a3f77]" name="verifyLogin" duration-ms="162" started-at="2017-09-09T11:40:31Z" finished-at="2017-09-09T11:40:31Z">
          <reporter-output>
          </reporter-output>
        </test-method> <!-- verifyLogin -->
        <test-method status="PASS" signature="tearDown()[pri:0, instance:SeleniumAutomation.Git.AppTest@2c6a3f77]" name="tearDown" is-config="true" duration-ms="1225" started-at="2017-09-09T11:40:31Z" finished-at="2017-09-09T11:40:32Z">
          <reporter-output>
          </reporter-output>
        </test-method> <!-- tearDown -->
      </class> <!-- SeleniumAutomation.Git.AppTest -->
    </test> <!-- Command line test -->
  </suite> <!-- SeleniumAutomation.Git.AppTest -->
</testng-results>
